date: 2015-12-15 22:54:50.987
argv: node /usr/local/bin/hexo generate
os: Darwin 15.0.0 darwin x64
version:
  hexo: 2.7.0
  http_parser: 1.0
  node: 0.10.24
  v8: 3.14.5.9
  ares: 1.9.0-DEV
  uv: 0.10.21
  zlib: 1.2.3
  modules: 11
  openssl: 1.0.1e
---

[debug] 22:54:49.060 Processed: draft.md
[debug] 22:54:49.060 Processed: page.md
[debug] 22:54:49.060 Processed: photo.md
[debug] 22:54:49.060 Processed: post.md
[debug] 22:54:49.060 Config file loaded
[debug] 22:54:49.062 Version info checked successfully
[debug] 22:54:49.079 Loading database.
[debug] 22:54:49.109 Plugin loaded successfully: hexo-generator-feed
[debug] 22:54:49.124 Plugin loaded successfully: hexo-renderer-ejs
[debug] 22:54:49.339 Plugin loaded successfully: hexo-renderer-jade
[debug] 22:54:49.371 Plugin loaded successfully: hexo-renderer-less
[debug] 22:54:49.385 Plugin loaded successfully: hexo-renderer-marked
[debug] 22:54:49.508 Plugin loaded successfully: hexo-renderer-stylus
[debug] 22:54:49.826 Processed: img/HK1.jpg
[debug] 22:54:49.827 Processed: img/HK2.jpg
[debug] 22:54:49.827 Processed: img/HK3.jpg
[debug] 22:54:49.828 Processed: img/HK4.jpg
[debug] 22:54:49.828 Processed: img/HK5.jpg
[debug] 22:54:49.829 Processed: img/HK6.jpg
[debug] 22:54:49.830 Processed: img/HK7.jpg
[debug] 22:54:49.830 Processed: img/collapse1.jpg
[debug] 22:54:49.831 Processed: img/collapse12.png
[debug] 22:54:49.835 Processed: img/collapse2.jpg
[debug] 22:54:49.838 Processed: img/crossdomain1.png
[debug] 22:54:49.839 Processed: img/crossdomain2.png
[debug] 22:54:49.840 Processed: img/favicon.ico
[debug] 22:54:49.841 Processed: img/ffExtension1.png
[debug] 22:54:49.841 Processed: img/ffExtension2.jpg
[debug] 22:54:49.842 Processed: img/ffExtension3.png
[debug] 22:54:49.843 Processed: img/ffExtension4.png
[debug] 22:54:49.844 Processed: img/ffExtension5.png
[debug] 22:54:49.845 Processed: img/h5specs.png
[debug] 22:54:49.846 Processed: img/hover1.png
[debug] 22:54:49.847 Processed: img/hover2.png
[debug] 22:54:49.848 Processed: img/ie11.png
[debug] 22:54:49.849 Processed: img/ie6bug11.png
[debug] 22:54:49.850 Processed: img/ie6bug12.png
[debug] 22:54:49.851 Processed: img/ie6bug21.png
[debug] 22:54:49.853 Processed: img/ie6bug22.png
[debug] 22:54:49.854 Processed: img/ie6bug31.png
[debug] 22:54:49.855 Processed: img/ie6bug32.png
[debug] 22:54:49.857 Processed: img/ie6bug33.png
[debug] 22:54:49.858 Processed: img/ie6bug34.png
[debug] 22:54:49.859 Processed: img/ie6bug35.png
[debug] 22:54:49.860 Processed: img/ie6bug41.png
[debug] 22:54:49.861 Processed: img/ie6bug42.png
[debug] 22:54:49.862 Processed: img/ie6bug43.png
[debug] 22:54:49.864 Processed: img/ie6bug61.png
[debug] 22:54:49.865 Processed: img/ie6bug62.png
[debug] 22:54:49.866 Processed: img/ie6bug71.png
[debug] 22:54:49.868 Processed: img/javascriptMVC.png
[debug] 22:54:49.869 Processed: img/jsevent1.png
[debug] 22:54:49.870 Processed: img/jsevent2.png
[debug] 22:54:49.871 Processed: img/jsevent3.png
[debug] 22:54:49.873 Processed: img/jsevent4.png
[debug] 22:54:49.874 Processed: img/jslint1.png
[debug] 22:54:49.875 Processed: img/jslint2.png
[debug] 22:54:49.875 Processed: img/jslint3.png
[debug] 22:54:49.876 Processed: img/jslint4.png
[debug] 22:54:49.877 Processed: img/marquee1.png
[debug] 22:54:49.878 Processed: img/marquee2.png
[debug] 22:54:49.878 Processed: img/marquee3.png
[debug] 22:54:49.879 Processed: img/marquee4.png
[debug] 22:54:49.879 Processed: img/marquee5.png
[debug] 22:54:49.880 Processed: img/marquee6.png
[debug] 22:54:49.881 Processed: img/memory1.png
[debug] 22:54:49.882 Processed: img/mvp.png
[debug] 22:54:49.883 Processed: img/mvvm.png
[debug] 22:54:49.884 Processed: img/pageTransition1.png
[debug] 22:54:49.884 Processed: img/pageTransition2.png
[debug] 22:54:49.885 Processed: img/pageTransition3.png
[debug] 22:54:49.886 Processed: img/pageTransition4.png
[debug] 22:54:49.886 Processed: img/pageTransition5.png
[debug] 22:54:49.887 Processed: img/pageTransition6.png
[debug] 22:54:49.890 Processed: img/pageTransition7.png
[debug] 22:54:49.891 Processed: img/practice.png
[debug] 22:54:49.891 Processed: img/prototype1.png
[debug] 22:54:49.892 Processed: img/prototype2.png
[debug] 22:54:49.893 Processed: img/safaricode.png
[debug] 22:54:49.894 Processed: img/scrollfix1.png
[debug] 22:54:49.895 Processed: img/scrollfix2.png
[debug] 22:54:49.895 Processed: img/scrollfix3.png
[debug] 22:54:49.896 Processed: img/scrollfix4.png
[debug] 22:54:49.897 Processed: img/snowflake.png
[debug] 22:54:49.897 Processed: img/strjoin.png
[debug] 22:54:49.898 Processed: img/triangle1.png
[debug] 22:54:49.898 Processed: img/triangle2.png
[debug] 22:54:49.899 Processed: img/triangle3.jpg
[debug] 22:54:49.900 Processed: img/triangle4.jpg
[debug] 22:54:49.900 Processed: img/triangle5.png
[debug] 22:54:49.901 Processed: img/triangle6.png
[debug] 22:54:49.902 Processed: img/typicalMVC.png
[debug] 22:54:49.903 Processed: img/webmap1.png
[debug] 22:54:49.905 Processed: img/webmap2.png
[debug] 22:54:49.906 Processed: img/webmap3.png
[debug] 22:54:49.906 Processed: img/webmap4.png
[debug] 22:54:49.907 Processed: img/webmap5.png
[debug] 22:54:49.908 Processed: img/websql.png
[debug] 22:54:49.909 Processed: img/websql1.png
[debug] 22:54:49.910 Processed: img/yahooTech1.jpg
[debug] 22:54:49.910 Processed: img/yahooTech2.png
[debug] 22:54:49.911 Processed: img/yahooTech3.jpg
[debug] 22:54:49.912 Processed: img/yahooTech4.jpg
[debug] 22:54:49.920 Processed: LICENSE
[debug] 22:54:49.920 Processed: README.md
[debug] 22:54:49.929 Processed: source/stylesheets/_base/base.less
[debug] 22:54:49.929 Processed: source/stylesheets/_base/reset.less
[debug] 22:54:49.929 Processed: source/stylesheets/_base/typography.less
[debug] 22:54:49.929 Processed: source/stylesheets/_base/variables.less
[debug] 22:54:49.929 Processed: source/stylesheets/_layout/layout.less
[debug] 22:54:49.929 Processed: source/stylesheets/_plugins/syntax.less
[debug] 22:54:49.930 Processed: source/stylesheets/app.less
[debug] 22:54:49.953 Processed: layout/archive.jade
[debug] 22:54:49.953 Processed: layout/base.jade
[debug] 22:54:49.953 Processed: layout/category.jade
[debug] 22:54:49.953 Processed: layout/index.jade
[debug] 22:54:49.953 Processed: layout/page.jade
[debug] 22:54:49.953 Processed: layout/post.jade
[debug] 22:54:49.954 Processed: layout/words.jade
[debug] 22:54:49.954 Processed: layout/writings.jade
[debug] 22:54:49.954 Processed: layout/_partial/article_list_pagination.jade
[debug] 22:54:49.954 Processed: layout/_partial/article_meta.jade
[debug] 22:54:49.954 Processed: layout/_partial/article_pagination.jade
[debug] 22:54:49.954 Processed: layout/_partial/footer.jade
[debug] 22:54:49.954 Processed: layout/_partial/head.jade
[debug] 22:54:49.969 Processed: about.md
[debug] 22:54:49.971 Theme config loaded
[debug] 22:54:49.971 Processed: _config.yml
[debug] 22:54:49.973 Processed: languages/de.yml
[debug] 22:54:49.973 Processed: languages/default.yml
[debug] 22:54:49.974 Processed: languages/es.yml
[debug] 22:54:49.974 Processed: languages/ru.yml
[debug] 22:54:49.974 Processed: languages/zh-CN.yml
[debug] 22:54:49.975 Processed: languages/zh-TW.yml
[error] 22:54:50.897 HexoError: Process failed: _posts/mvc-deformation.md
SyntaxError: Unexpected token ;
    at Object.Function (<anonymous>)
    at precompile (/usr/local/lib/node_modules/hexo/node_modules/swig/lib/swig.js:489:11)
    at compile (/usr/local/lib/node_modules/hexo/node_modules/swig/lib/swig.js:584:16)
    at Object.render (/usr/local/lib/node_modules/hexo/node_modules/swig/lib/swig.js:513:17)
    at /usr/local/lib/node_modules/hexo/lib/post/render.js:61:29
    at /usr/local/lib/node_modules/hexo/node_modules/async/lib/async.js:610:21
    at /usr/local/lib/node_modules/hexo/node_modules/async/lib/async.js:249:17
    at iterate (/usr/local/lib/node_modules/hexo/node_modules/async/lib/async.js:149:13)
    at async.eachSeries (/usr/local/lib/node_modules/hexo/node_modules/async/lib/async.js:165:9)
    at _asyncMap (/usr/local/lib/node_modules/hexo/node_modules/async/lib/async.js:248:13)

[debug] 22:54:50.987 Cache saved